<?xml version="1.0" encoding="UTF-8"?>
<!-- Generated by org.testng.reporters.JUnitXMLReporter -->
<testsuite ignored="1" hostname="LIN-5CG1049GJJ" failures="0" tests="1" name="Error Validations Test" time="5.58" errors="0" timestamp="2024-06-15T15:55:54 IST">
  <testcase classname="riteshsharma.tests.ErrorValidationsTest" name="LoginErrorValidation" time="1.188"/>
  <testcase classname="riteshsharma.tests.ErrorValidationsTest" name="ProductErrorValidation" time="0.0">
    <ignored/>
  </testcase> <!-- ProductErrorValidation -->
</testsuite> <!-- Error Validations Test -->
