<?xml version="1.0" encoding="UTF-8"?>
<!-- Generated by org.testng.reporters.JUnitXMLReporter -->
<testsuite ignored="1" hostname="LIN-5CG1049GJJ" failures="0" tests="2" name="Submit Order Test" time="18.777" errors="0" timestamp="2024-06-15T16:49:12 IST">
  <testcase classname="riteshsharma.tests.SubmitOrderTest" name="submitOrder" time="3.562"/>
  <testcase classname="riteshsharma.tests.SubmitOrderTest" name="submitOrder" time="3.556"/>
  <testcase classname="riteshsharma.tests.SubmitOrderTest" name="OrderHistoryTest" time="0.0">
    <ignored/>
  </testcase> <!-- OrderHistoryTest -->
</testsuite> <!-- Submit Order Test -->
