<?xml version="1.0" encoding="UTF-8"?>
<testng-results ignored="0" total="1" passed="1" failed="0" skipped="0">
  <reporter-output>
  </reporter-output>
  <suite started-at="2024-04-15T21:37:21 IST" name="Suite" finished-at="2024-04-15T21:37:42 IST" duration-ms="20484">
    <groups>
      <group name="ErrorHandling">
        <method signature="ErrorValidationsTest.LoginErrorValidation()[pri:0, instance:rahulshettyacademy.tests.ErrorValidationsTest@74235045]" name="LoginErrorValidation" class="rahulshettyacademy.tests.ErrorValidationsTest"/>
      </group> <!-- ErrorHandling -->
    </groups>
    <test started-at="2024-04-15T21:37:21 IST" name="Submit Order Test" finished-at="2024-04-15T21:37:21 IST" duration-ms="34">
    </test> <!-- Submit Order Test -->
    <test started-at="2024-04-15T21:37:21 IST" name="Error Validations Test" finished-at="2024-04-15T21:37:42 IST" duration-ms="20481">
      <class name="rahulshettyacademy.tests.ErrorValidationsTest">
        <test-method is-config="true" signature="launchApplication()[pri:0, instance:rahulshettyacademy.tests.ErrorValidationsTest@74235045]" started-at="2024-04-15T21:37:22 IST" name="launchApplication" finished-at="2024-04-15T21:37:40 IST" duration-ms="18533" status="PASS">
          <reporter-output>
          </reporter-output>
        </test-method> <!-- launchApplication -->
        <test-method signature="LoginErrorValidation()[pri:0, instance:rahulshettyacademy.tests.ErrorValidationsTest@74235045]" started-at="2024-04-15T21:37:40 IST" name="LoginErrorValidation" finished-at="2024-04-15T21:37:42 IST" duration-ms="1646" status="PASS">
          <reporter-output>
          </reporter-output>
        </test-method> <!-- LoginErrorValidation -->
        <test-method is-config="true" signature="tearDown()[pri:0, instance:rahulshettyacademy.tests.ErrorValidationsTest@74235045]" started-at="2024-04-15T21:37:42 IST" name="tearDown" finished-at="2024-04-15T21:37:42 IST" duration-ms="106" status="PASS">
          <reporter-output>
          </reporter-output>
        </test-method> <!-- tearDown -->
      </class> <!-- rahulshettyacademy.tests.ErrorValidationsTest -->
    </test> <!-- Error Validations Test -->
  </suite> <!-- Suite -->
</testng-results>
