<?xml version="1.0" encoding="UTF-8"?>
<testng-results ignored="0" total="1" passed="1" failed="0" skipped="0">
  <reporter-output>
  </reporter-output>
  <suite started-at="2024-06-15T15:55:48 IST" name="Suite" finished-at="2024-06-15T15:55:54 IST" duration-ms="5580">
    <groups>
      <group name="ErrorHandling">
        <method signature="ErrorValidationsTest.LoginErrorValidation()[pri:0, instance:riteshsharma.tests.ErrorValidationsTest@6a2f6f80]" name="LoginErrorValidation" class="riteshsharma.tests.ErrorValidationsTest"/>
      </group> <!-- ErrorHandling -->
    </groups>
    <test started-at="2024-06-15T15:55:48 IST" name="Submit Order Test" finished-at="2024-06-15T15:55:48 IST" duration-ms="14">
    </test> <!-- Submit Order Test -->
    <test started-at="2024-06-15T15:55:48 IST" name="Error Validations Test" finished-at="2024-06-15T15:55:54 IST" duration-ms="5580">
      <class name="riteshsharma.tests.ErrorValidationsTest">
        <test-method is-config="true" signature="launchApplication()[pri:0, instance:riteshsharma.tests.ErrorValidationsTest@6a2f6f80]" started-at="2024-06-15T15:55:49 IST" name="launchApplication" finished-at="2024-06-15T15:55:53 IST" duration-ms="4099" status="PASS">
          <reporter-output>
          </reporter-output>
        </test-method> <!-- launchApplication -->
        <test-method signature="LoginErrorValidation()[pri:0, instance:riteshsharma.tests.ErrorValidationsTest@6a2f6f80]" started-at="2024-06-15T15:55:53 IST" name="LoginErrorValidation" finished-at="2024-06-15T15:55:54 IST" duration-ms="1188" status="PASS">
          <reporter-output>
          </reporter-output>
        </test-method> <!-- LoginErrorValidation -->
        <test-method is-config="true" signature="tearDown()[pri:0, instance:riteshsharma.tests.ErrorValidationsTest@6a2f6f80]" started-at="2024-06-15T15:55:54 IST" name="tearDown" finished-at="2024-06-15T15:55:54 IST" duration-ms="225" status="PASS">
          <reporter-output>
          </reporter-output>
        </test-method> <!-- tearDown -->
      </class> <!-- riteshsharma.tests.ErrorValidationsTest -->
    </test> <!-- Error Validations Test -->
  </suite> <!-- Suite -->
</testng-results>
